Using pre-set license
Built from '2021.1/release' branch; Version is '2021.1.0f1 (61a549675243) revision 6399305'; Using compiler version '192528614'; Build Type 'Release'
OS: 'Windows 10 Pro; OS build 19043.1466; Version 2009; 64bit' Language: 'en' Physical Memory: 16303 MB
BatchMode: 1, IsHumanControllingUs: 0, StartBugReporterOnCrash: 0, Is64bit: 1, IsPro: 0

 COMMAND LINE ARGUMENTS:
C:\Program Files\Unity\Hub\Editor\2021.1.0f1\Editor\Unity.exe
-adb2
-batchMode
-noUpm
-name
AssetImportWorker0
-projectPath
C:/Users/Acelom/Documents/Uni-work/Year 2/Game Engine Architecture/TK Testing
-logFile
Logs/AssetImportWorker0.log
-srvPort
49437
Successfully changed project path to: C:/Users/Acelom/Documents/Uni-work/Year 2/Game Engine Architecture/TK Testing
C:/Users/Acelom/Documents/Uni-work/Year 2/Game Engine Architecture/TK Testing
Using Asset Import Pipeline V2.
Refreshing native plugins compatible for Editor in 59.56 ms, found 1 plugins.
Preloading 0 native plugins for Editor in 0.00 ms.
Initialize engine version: 2021.1.0f1 (61a549675243)
[Subsystems] Discovering subsystems at path C:/Program Files/Unity/Hub/Editor/2021.1.0f1/Editor/Data/Resources/UnitySubsystems
[Subsystems] Discovering subsystems at path C:/Users/Acelom/Documents/Uni-work/Year 2/Game Engine Architecture/TK Testing/Assets
GfxDevice: creating device client; threaded=0; jobified=0
Direct3D:
    Version:  Direct3D 11.0 [level 11.1]
    Renderer: NVIDIA GeForce RTX 2060 SUPER (ID=0x1f06)
    Vendor:   NVIDIA
    VRAM:     8031 MB
    Driver:   30.0.15.1123
Initialize mono
Mono path[0] = 'C:/Program Files/Unity/Hub/Editor/2021.1.0f1/Editor/Data/Managed'
Mono path[1] = 'C:/Program Files/Unity/Hub/Editor/2021.1.0f1/Editor/Data/MonoBleedingEdge/lib/mono/unityjit'
Mono config path = 'C:/Program Files/Unity/Hub/Editor/2021.1.0f1/Editor/Data/MonoBleedingEdge/etc'
Using monoOptions --debugger-agent=transport=dt_socket,embedding=1,server=y,suspend=n,address=127.0.0.1:56964
Begin MonoManager ReloadAssembly
Registering precompiled unity dll's ...
Register platform support module: C:/Program Files/Unity/Hub/Editor/2021.1.0f1/Editor/Data/PlaybackEngines/WindowsStandaloneSupport/UnityEditor.WindowsStandalone.Extensions.dll
Registered in 0.001386 seconds.
Native extension for WindowsStandalone target not found
Refreshing native plugins compatible for Editor in 63.12 ms, found 1 plugins.
Preloading 0 native plugins for Editor in 0.00 ms.
Mono: successfully reloaded assembly
- Completed reload, in  1.374 seconds
Platform modules already initialized, skipping
Registering precompiled user dll's ...
Registered in 0.002545 seconds.
Begin MonoManager ReloadAssembly
Native extension for WindowsStandalone target not found
Refreshing native plugins compatible for Editor in 0.42 ms, found 1 plugins.
Preloading 0 native plugins for Editor in 0.00 ms.
Mono: successfully reloaded assembly
- Completed reload, in  0.754 seconds
Platform modules already initialized, skipping
========================================================================
Worker process is ready to serve import requests
Launched and connected shader compiler UnityShaderCompiler.exe after 0.03 seconds
Refreshing native plugins compatible for Editor in 0.40 ms, found 1 plugins.
Preloading 0 native plugins for Editor in 0.00 ms.
Unloading 2671 Unused Serialized files (Serialized files now loaded: 0)
System memory in use before: 100.8 MB.
System memory in use after: 100.9 MB.

Unloading 15 unused Assets to reduce memory usage. Loaded Objects now: 3126.
Total: 1.645600 ms (FindLiveObjects: 0.195800 ms CreateObjectMapping: 0.142300 ms MarkObjects: 1.236200 ms  DeleteObjects: 0.070500 ms)

========================================================================
Received Import Request.
  path: Assets/Assets
  artifactKey: Guid(35fcb1a725fe9fc44a4c1ce65ce90c7e) Importer(815301076,1909f56bfc062723c751e8b465ee728b)
Start importing Assets/Assets using Guid(35fcb1a725fe9fc44a4c1ce65ce90c7e) Importer(815301076,1909f56bfc062723c751e8b465ee728b)  -> (artifact id: 'd37e3ad00ff6d8e278f365e2e2259be5') in 0.007486 seconds 
========================================================================
Received Import Request.
  Time since last request: 24.528294 seconds.
  path: Assets/Assets/MoveCamera.cs
  artifactKey: Guid(336cd2073025f1f41bf1496a83c600ea) Importer(815301076,1909f56bfc062723c751e8b465ee728b)
Start importing Assets/Assets/MoveCamera.cs using Guid(336cd2073025f1f41bf1496a83c600ea) Importer(815301076,1909f56bfc062723c751e8b465ee728b)  -> (artifact id: '5148a5c0e30567762923bb4251e9e5a0') in 0.031031 seconds 
AssetImportWorkerClient::OnTransportError - code=2 error=End of file
